# JRE version: OpenJDK Runtime Environment Temurin-17.0.10+7 (17.0.10+7) (build 17.0.10+7)
# Java VM: OpenJDK 64-Bit Server VM Temurin-17.0.10+7 (17.0.10+7, mixed mode, tiered, compressed oops, compressed class ptrs, g1 gc, windows-amd64)
GC Precious Log:
 CPUs: 4 total, 4 available
 Memory: 3895M
 Large Page Support: Disabled
 NUMA Support: Disabled
 Compressed Oops: Enabled (32-bit)
 Heap Region Size: 1M
 Heap Min Capacity: 8M
 Heap Initial Capacity: 62M
 Heap Max Capacity: 974M
 Pre-touch: Disabled
 Parallel Workers: 4
 Concurrent Workers: 1
 Concurrent Refinement Workers: 4
 Periodic GC: Disabled
Heap:
 garbage-first heap   total 63488K, used 34435K [0x00000000c3200000, 0x0000000100000000)
  region size 1024K, 19 young (19456K), 1 survivors (1024K)
 Metaspace       used 24154K, committed 24512K, reserved 1114112K
  class space    used 3030K, committed 3200K, reserved 1048576K
GC Heap History (10 events):
Event: 3.782 GC heap before
{Heap before GC invocations=0 (full 0):
 garbage-first heap   total 63488K, used 12288K [0x00000000c3200000, 0x0000000100000000)
  region size 1024K, 13 young (13312K), 0 survivors (0K)
 Metaspace       used 12657K, committed 12800K, reserved 1114112K
  class space    used 1331K, committed 1408K, reserved 1048576K
}
Event: 3.797 GC heap after
{Heap after GC invocations=1 (full 0):
 garbage-first heap   total 63488K, used 3672K [0x00000000c3200000, 0x0000000100000000)
  region size 1024K, 2 young (2048K), 2 survivors (2048K)
 Metaspace       used 12657K, committed 12800K, reserved 1114112K
  class space    used 1331K, committed 1408K, reserved 1048576K
}
Event: 21.056 GC heap before
{Heap before GC invocations=1 (full 0):
 garbage-first heap   total 63488K, used 16984K [0x00000000c3200000, 0x0000000100000000)
  region size 1024K, 13 young (13312K), 2 survivors (2048K)
 Metaspace       used 14570K, committed 14720K, reserved 1114112K
  class space    used 1603K, committed 1664K, reserved 1048576K
}
Event: 21.062 GC heap after
{Heap after GC invocations=2 (full 0):
 garbage-first heap   total 63488K, used 11564K [0x00000000c3200000, 0x0000000100000000)
  region size 1024K, 2 young (2048K), 2 survivors (2048K)
 Metaspace       used 14570K, committed 14720K, reserved 1114112K
  class space    used 1603K, committed 1664K, reserved 1048576K
}
Event: 23.687 GC heap before
{Heap before GC invocations=2 (full 0):
 garbage-first heap   total 63488K, used 31020K [0x00000000c3200000, 0x0000000100000000)
  region size 1024K, 21 young (21504K), 2 survivors (2048K)
 Metaspace       used 16411K, committed 16640K, reserved 1114112K
  class space    used 1895K, committed 2048K, reserved 1048576K
}
Event: 23.691 GC heap after
{Heap after GC invocations=3 (full 0):
 garbage-first heap   total 63488K, used 12479K [0x00000000c3200000, 0x0000000100000000)
  region size 1024K, 1 young (1024K), 1 survivors (1024K)
 Metaspace       used 16411K, committed 16640K, reserved 1114112K
  class space    used 1895K, committed 2048K, reserved 1048576K
}
Event: 35.579 GC heap before
{Heap before GC invocations=3 (full 0):
 garbage-first heap   total 63488K, used 40127K [0x00000000c3200000, 0x0000000100000000)
  region size 1024K, 28 young (28672K), 1 survivors (1024K)
 Metaspace       used 17592K, committed 17856K, reserved 1114112K
  class space    used 2107K, committed 2240K, reserved 1048576K
}
Event: 35.585 GC heap after
{Heap after GC invocations=4 (full 0):
 garbage-first heap   total 63488K, used 16985K [0x00000000c3200000, 0x0000000100000000)
  region size 1024K, 4 young (4096K), 4 survivors (4096K)
 Metaspace       used 17592K, committed 17856K, reserved 1114112K
  class space    used 2107K, committed 2240K, reserved 1048576K
}
Event: 37.255 GC heap before
{Heap before GC invocations=4 (full 0):
 garbage-first heap   total 63488K, used 30297K [0x00000000c3200000, 0x0000000100000000)
  region size 1024K, 18 young (18432K), 4 survivors (4096K)
 Metaspace       used 21338K, committed 21504K, reserved 1114112K
  class space    used 2677K, committed 2752K, reserved 1048576K
}
Event: 37.260 GC heap after
{Heap after GC invocations=5 (full 0):
 garbage-first heap   total 63488K, used 18051K [0x00000000c3200000, 0x0000000100000000)
  region size 1024K, 1 young (1024K), 1 survivors (1024K)
 Metaspace       used 21338K, committed 21504K, reserved 1114112K
  class space    used 2677K, committed 2752K, reserved 1048576K
}

